[27Jan2025 22:21:59.176] [main/INFO] [cpw.mods.modlauncher.Launcher/MODLAUNCHER]: ModLauncher running: args [--launchTarget, forgeclientuserdev, --version, 21.1.114, --assetIndex, 17, --assetsDir, C:\\Users\\Traee\\.gradle\\caches\\neoformruntime\\assets, --gameDir, ., --fml.neoForgeVersion, 21.1.114, --fml.fmlVersion, 4.0.35, --fml.mcVersion, 1.21.1, --fml.neoFormVersion, 20240808.144430]
[27Jan2025 22:21:59.182] [main/INFO] [cpw.mods.modlauncher.Launcher/MODLAUNCHER]: JVM identified as Oracle Corporation Java HotSpot(TM) 64-Bit Server VM 21.0.6+8-LTS-188
[27Jan2025 22:21:59.182] [main/INFO] [cpw.mods.modlauncher.Launcher/MODLAUNCHER]: ModLauncher 11.0.4+main.d2e20e43 starting: java version 21.0.6 by Oracle Corporation; OS Windows 11 arch amd64 version 10.0
[27Jan2025 22:21:59.259] [main/WARN] [net.neoforged.fml.loading.FMLConfig/CORE]: Configuration file D:\MCreatorWorkspaces\resourceFarm\run\config\fml.toml is not correct. Correcting
[27Jan2025 22:21:59.277] [main/INFO] [net.neoforged.fml.loading.ImmediateWindowHandler/]: Loading ImmediateWindowProvider fmlearlywindow
[27Jan2025 22:21:59.374] [main/INFO] [EARLYDISPLAY/]: Trying GL version 4.6
[27Jan2025 22:21:59.467] [main/INFO] [EARLYDISPLAY/]: Requested GL version 4.6 got version 4.6
[27Jan2025 22:21:59.688] [main/INFO] [mixin/]: SpongePowered MIXIN Subsystem Version=0.8.7 Source=union:/C:/Users/Traee/.gradle/caches/modules-2/files-2.1/net.fabricmc/sponge-mixin/0.15.2+mixin.0.8.7/2af2f021d8e02a0220dc27a7a72b4666d66d44ca/sponge-mixin-0.15.2+mixin.0.8.7.jar%23131!/ Service=ModLauncher Env=CLIENT
[27Jan2025 22:21:59.706] [main/WARN] [net.neoforged.fml.loading.FMLConfig/CORE]: Configuration file D:\MCreatorWorkspaces\resourceFarm\run\config\fml.toml is not correct. Correcting
[27Jan2025 22:21:59.832] [pool-2-thread-1/INFO] [EARLYDISPLAY/]: GL info: AMD Radeon(TM) 760M GL version 4.6.0 Core Profile Context 22.40.05.22.231108, ATI Technologies Inc.
[27Jan2025 22:22:00.242] [main/INFO] [net.neoforged.fml.loading.moddiscovery.locators.JarInJarDependencyLocator/]: Found 2 dependencies adding them to mods collection
[27Jan2025 22:22:00.258] [main/INFO] [net.neoforged.fml.loading.moddiscovery.ModDiscoverer/]: 
     Mod List:
		Name Version (Mod Id)

		Jade 15.3.4+neoforge (jade)
		Just Enough Items 19.19.0.220 (jei)
		Minecraft 1.21.1 (minecraft)
		Mob Farms 1 (corelib)
		NeoForge 21.1.114 (neoforge)
		Resource Farms 1 (resource_farms)
		The One Probe 1.21_neo-12.0.0-1 (theoneprobe)
[27Jan2025 22:22:01.193] [main/INFO] [cpw.mods.modlauncher.LaunchServiceHandler/MODLAUNCHER]: Launching target 'forgeclientuserdev' with arguments [--version, 21.1.114, --gameDir, ., --assetsDir, C:\Users\Traee\.gradle\caches\neoformruntime\assets, --assetIndex, 17]
[27Jan2025 22:22:03.400] [Datafixer Bootstrap/INFO] [com.mojang.datafixers.DataFixerBuilder/]: 229 Datafixer optimizations took 297 milliseconds
[27Jan2025 22:22:03.538] [pool-11-thread-1/INFO] [MixinExtras|Service/]: Initializing MixinExtras via com.llamalad7.mixinextras.service.MixinExtrasServiceImpl(version=0.4.1).
[27Jan2025 22:22:07.665] [main/WARN] [net.minecraft.commands.Commands/]: Ambiguity between arguments [teleport, location] and [teleport, destination] with inputs: [0.1 -0.5 .9, 0 0 0]
[27Jan2025 22:22:07.665] [main/WARN] [net.minecraft.commands.Commands/]: Ambiguity between arguments [teleport, location] and [teleport, targets] with inputs: [0.1 -0.5 .9, 0 0 0]
[27Jan2025 22:22:07.681] [main/WARN] [net.minecraft.commands.Commands/]: Ambiguity between arguments [teleport, destination] and [teleport, targets] with inputs: [Player, 0123, @e, dd12be42-52a9-4a91-a8a1-11c01849e498]
[27Jan2025 22:22:07.682] [main/WARN] [net.minecraft.commands.Commands/]: Ambiguity between arguments [teleport, targets] and [teleport, destination] with inputs: [Player, 0123, dd12be42-52a9-4a91-a8a1-11c01849e498]
[27Jan2025 22:22:07.682] [main/WARN] [net.minecraft.commands.Commands/]: Ambiguity between arguments [teleport, targets, location] and [teleport, targets, destination] with inputs: [0.1 -0.5 .9, 0 0 0]
[27Jan2025 22:22:07.774] [Render thread/WARN] [net.minecraft.server.packs.VanillaPackResourcesBuilder/]: Assets URL 'union:/D:/MCreatorWorkspaces/resourceFarm/build/moddev/artifacts/neoforge-21.1.114.jar%23183!/assets/.mcassetsroot' uses unexpected schema
[27Jan2025 22:22:07.774] [Render thread/WARN] [net.minecraft.server.packs.VanillaPackResourcesBuilder/]: Assets URL 'union:/D:/MCreatorWorkspaces/resourceFarm/build/moddev/artifacts/neoforge-21.1.114.jar%23183!/data/.mcassetsroot' uses unexpected schema
[27Jan2025 22:22:07.800] [Render thread/INFO] [com.mojang.authlib.yggdrasil.YggdrasilAuthenticationService/]: Environment: Environment[sessionHost=https://sessionserver.mojang.com, servicesHost=https://api.minecraftservices.com, name=PROD]
[27Jan2025 22:22:07.819] [Render thread/INFO] [net.minecraft.client.Minecraft/]: Setting user: Dev
[27Jan2025 22:22:07.895] [Render thread/INFO] [net.minecraft.client.Minecraft/]: Backend library: LWJGL version 3.3.3+5
[27Jan2025 22:22:08.078] [modloading-worker-0/INFO] [net.neoforged.neoforge.common.NeoForgeMod/NEOFORGE-MOD]: NeoForge mod loading, version 21.1.114, for MC 1.21.1
[27Jan2025 22:22:08.150] [modloading-worker-0/INFO] [mezz.jei.library.load.PluginCaller/]: Sending ConfigManager...
[27Jan2025 22:22:08.158] [modloading-worker-0/INFO] [mezz.jei.library.load.PluginCaller/]: Sending ConfigManager took 5.721 ms
[27Jan2025 22:22:08.998] [Render thread/INFO] [net.neoforged.neoforge.gametest.GameTestHooks/]: Enabled Gametest Namespaces: [resource_farms]
[27Jan2025 22:22:09.140] [Render thread/INFO] [net.minecraft.server.packs.resources.ReloadableResourceManager/]: Reloading ResourceManager: vanilla, mod_resources, mod/theoneprobe, mod/jade, mod/resource_farms, mod/neoforge, mod/corelib, mod/jei
[27Jan2025 22:22:09.216] [Worker-Main-9/ERROR] [net.minecraft.Util/]: Invalid path in pack: resource_farms:sounds/na(2).ogg, ignoring
[27Jan2025 22:22:09.216] [Worker-Main-9/WARN] [net.minecraft.Util/]: Did you remember to set a breakpoint here?
[27Jan2025 22:22:09.230] [Worker-Main-11/INFO] [net.minecraft.client.gui.font.providers.UnihexProvider/]: Found unifont_all_no_pua-15.1.05.hex, loading
[27Jan2025 22:22:09.261] [Worker-Main-8/ERROR] [net.minecraft.Util/]: Invalid path in pack: resource_farms:textures/item/Experience_Orb_Value_17-36.png, ignoring
[27Jan2025 22:22:09.261] [Worker-Main-8/WARN] [net.minecraft.Util/]: Did you remember to set a breakpoint here?
[27Jan2025 22:22:09.312] [Worker-Main-9/INFO] [net.minecraft.client.gui.font.providers.UnihexProvider/]: Found unifont_jp_patch-15.1.05.hex, loading
[27Jan2025 22:22:09.449] [Worker-Main-6/WARN] [net.minecraft.client.renderer.texture.SpriteLoader/]: Texture resource_farms:block/water_still with size 25x25 limits mip level from 4 to 0
[27Jan2025 22:22:09.963] [Worker-Main-4/WARN] [net.minecraft.client.resources.model.BlockStateModelLoader/]: Exception loading blockstate definition: 'resource_farms:blockstates/inventory_viewer.json' missing model for variant: 'resource_farms:inventory_viewer#facing=west'
[27Jan2025 22:22:09.964] [Worker-Main-4/WARN] [net.minecraft.client.resources.model.BlockStateModelLoader/]: Exception loading blockstate definition: 'resource_farms:blockstates/inventory_viewer.json' missing model for variant: 'resource_farms:inventory_viewer#facing=east'
[27Jan2025 22:22:09.964] [Worker-Main-4/WARN] [net.minecraft.client.resources.model.BlockStateModelLoader/]: Exception loading blockstate definition: 'resource_farms:blockstates/inventory_viewer.json' missing model for variant: 'resource_farms:inventory_viewer#facing=north'
[27Jan2025 22:22:09.964] [Worker-Main-4/WARN] [net.minecraft.client.resources.model.BlockStateModelLoader/]: Exception loading blockstate definition: 'resource_farms:blockstates/inventory_viewer.json' missing model for variant: 'resource_farms:inventory_viewer#facing=south'
[27Jan2025 22:22:09.971] [Worker-Main-4/WARN] [net.minecraft.client.resources.model.ModelBakery/]: Unable to load model: 'resource_farms:item/inventory_viewer' referenced from: resource_farms:item/inventory_viewer: java.io.FileNotFoundException: resource_farms:models/item/inventory_viewer.json
[27Jan2025 22:22:09.971] [Worker-Main-4/WARN] [net.minecraft.client.resources.model.ModelBakery/]: Unable to load model: 'resource_farms:item/icon_item' referenced from: resource_farms:item/icon_item: java.io.FileNotFoundException: resource_farms:models/item/icon_item.json
[27Jan2025 22:22:09.972] [Worker-Main-4/WARN] [net.minecraft.client.resources.model.ModelBakery/]: Unable to load model: 'resource_farms:item/fortune_upgrade' referenced from: resource_farms:item/fortune_upgrade: java.io.FileNotFoundException: resource_farms:models/item/fortune_upgrade.json
[27Jan2025 22:22:10.588] [Worker-Main-8/INFO] [snownee.jade.Jade/]: Start loading plugin from snownee.jade.addon.vanilla.VanillaPlugin
[27Jan2025 22:22:10.623] [Worker-Main-8/INFO] [snownee.jade.Jade/]: Bootstrapped plugin from snownee.jade.addon.vanilla.VanillaPlugin in 31.66 ms
[27Jan2025 22:22:10.629] [Worker-Main-8/INFO] [snownee.jade.Jade/]: Loaded plugin from snownee.jade.addon.vanilla.VanillaPlugin in 37.86 ms
[27Jan2025 22:22:10.629] [Worker-Main-8/INFO] [snownee.jade.Jade/]: Start loading plugin from snownee.jade.addon.universal.UniversalPlugin
[27Jan2025 22:22:10.634] [Worker-Main-8/INFO] [snownee.jade.Jade/]: Bootstrapped plugin from snownee.jade.addon.universal.UniversalPlugin in 3.394 ms
[27Jan2025 22:22:10.634] [Worker-Main-8/INFO] [snownee.jade.Jade/]: Loaded plugin from snownee.jade.addon.universal.UniversalPlugin in 3.970 ms
[27Jan2025 22:22:10.634] [Worker-Main-8/INFO] [snownee.jade.Jade/]: Start loading plugin from snownee.jade.addon.debug.DebugPlugin
[27Jan2025 22:22:10.636] [Worker-Main-8/INFO] [snownee.jade.Jade/]: Bootstrapped plugin from snownee.jade.addon.debug.DebugPlugin in 1.521 ms
[27Jan2025 22:22:10.637] [Worker-Main-8/INFO] [snownee.jade.Jade/]: Loaded plugin from snownee.jade.addon.debug.DebugPlugin in 1.844 ms
[27Jan2025 22:22:10.637] [Worker-Main-8/INFO] [snownee.jade.Jade/]: Start loading plugin from snownee.jade.addon.core.CorePlugin
[27Jan2025 22:22:10.640] [Worker-Main-8/INFO] [snownee.jade.Jade/]: Bootstrapped plugin from snownee.jade.addon.core.CorePlugin in 3.023 ms
[27Jan2025 22:22:10.641] [Worker-Main-8/INFO] [snownee.jade.Jade/]: Loaded plugin from snownee.jade.addon.core.CorePlugin in 3.395 ms
[27Jan2025 22:22:10.641] [Worker-Main-8/INFO] [snownee.jade.Jade/]: Start loading plugin from snownee.jade.addon.access.AccessibilityPlugin
[27Jan2025 22:22:10.644] [Worker-Main-8/INFO] [snownee.jade.Jade/]: Bootstrapped plugin from snownee.jade.addon.access.AccessibilityPlugin in 2.510 ms
[27Jan2025 22:22:10.644] [Worker-Main-8/INFO] [snownee.jade.Jade/]: Loaded plugin from snownee.jade.addon.access.AccessibilityPlugin in 2.789 ms
[27Jan2025 22:22:10.644] [Worker-Main-8/INFO] [snownee.jade.Jade/]: Start loading plugin from com.awesomeshot5051.resourceFarm.integration.waila.PluginEasyVillagers
[27Jan2025 22:22:10.646] [Worker-Main-8/INFO] [snownee.jade.Jade/]: Bootstrapped plugin from com.awesomeshot5051.resourceFarm.integration.waila.PluginEasyVillagers in 893.2 μs
[27Jan2025 22:22:10.647] [Worker-Main-8/INFO] [snownee.jade.Jade/]: Loaded plugin from com.awesomeshot5051.resourceFarm.integration.waila.PluginEasyVillagers in 1.628 ms
[27Jan2025 22:22:10.767] [Render thread/WARN] [net.minecraft.client.sounds.SoundEngine/]: Missing sound for event: minecraft:item.goat_horn.play
[27Jan2025 22:22:10.767] [Render thread/WARN] [net.minecraft.client.sounds.SoundEngine/]: Missing sound for event: minecraft:entity.goat.screaming.horn_break
[27Jan2025 22:22:11.382] [Render thread/INFO] [com.mojang.blaze3d.audio.Library/]: OpenAL initialized on device OpenAL Soft on Speakers (Realtek(R) Audio)
[27Jan2025 22:22:11.383] [Render thread/INFO] [net.minecraft.client.sounds.SoundEngine/SOUNDS]: Sound engine started
[27Jan2025 22:22:11.493] [Render thread/INFO] [net.minecraft.client.renderer.texture.TextureAtlas/]: Created: 1024x512x4 minecraft:textures/atlas/blocks.png-atlas
[27Jan2025 22:22:11.501] [Render thread/INFO] [net.minecraft.client.renderer.texture.TextureAtlas/]: Created: 256x256x4 minecraft:textures/atlas/signs.png-atlas
[27Jan2025 22:22:11.501] [Render thread/INFO] [net.minecraft.client.renderer.texture.TextureAtlas/]: Created: 512x512x4 minecraft:textures/atlas/shield_patterns.png-atlas
[27Jan2025 22:22:11.501] [Render thread/INFO] [net.minecraft.client.renderer.texture.TextureAtlas/]: Created: 512x512x4 minecraft:textures/atlas/banner_patterns.png-atlas
[27Jan2025 22:22:11.503] [Render thread/INFO] [net.minecraft.client.renderer.texture.TextureAtlas/]: Created: 1024x1024x4 minecraft:textures/atlas/armor_trims.png-atlas
[27Jan2025 22:22:11.512] [Render thread/INFO] [net.minecraft.client.renderer.texture.TextureAtlas/]: Created: 256x256x4 minecraft:textures/atlas/chest.png-atlas
[27Jan2025 22:22:11.513] [Render thread/INFO] [net.minecraft.client.renderer.texture.TextureAtlas/]: Created: 128x64x4 minecraft:textures/atlas/decorated_pot.png-atlas
[27Jan2025 22:22:11.513] [Render thread/INFO] [net.minecraft.client.renderer.texture.TextureAtlas/]: Created: 512x256x4 minecraft:textures/atlas/beds.png-atlas
[27Jan2025 22:22:11.513] [Render thread/INFO] [net.minecraft.client.renderer.texture.TextureAtlas/]: Created: 512x256x4 minecraft:textures/atlas/shulker_boxes.png-atlas
[27Jan2025 22:22:11.647] [Render thread/INFO] [net.minecraft.client.renderer.texture.TextureAtlas/]: Created: 512x256x0 minecraft:textures/atlas/particles.png-atlas
[27Jan2025 22:22:11.649] [Render thread/INFO] [net.minecraft.client.renderer.texture.TextureAtlas/]: Created: 512x256x0 minecraft:textures/atlas/paintings.png-atlas
[27Jan2025 22:22:11.649] [Render thread/INFO] [net.minecraft.client.renderer.texture.TextureAtlas/]: Created: 256x128x0 minecraft:textures/atlas/mob_effects.png-atlas
[27Jan2025 22:22:11.649] [Render thread/INFO] [net.minecraft.client.renderer.texture.TextureAtlas/]: Created: 64x64x0 minecraft:textures/atlas/map_decorations.png-atlas
[27Jan2025 22:22:11.649] [Render thread/INFO] [net.minecraft.client.renderer.texture.TextureAtlas/]: Created: 1024x512x0 minecraft:textures/atlas/gui.png-atlas
[27Jan2025 22:22:11.700] [Render thread/WARN] [net.minecraft.client.renderer.ShaderInstance/]: Shader rendertype_entity_translucent_emissive could not find sampler named Sampler2 in the specified shader program.
[27Jan2025 22:22:11.792] [Render thread/INFO] [net.neoforged.neoforge.client.entity.animation.json.AnimationLoader/]: Loaded 0 entity animations
[27Jan2025 22:22:11.792] [Render thread/INFO] [net.minecraft.client.renderer.texture.TextureAtlas/]: Created: 256x256x0 jei:textures/atlas/gui.png-atlas
[27Jan2025 22:22:24.756] [Worker-Main-4/ERROR] [net.minecraft.world.level.storage.loot.LootDataType/]: Couldn't parse element ResourceKey[minecraft:root / minecraft:loot_table]:resource_farms:blocks/cpowder_farm - Unknown registry key in ResourceKey[minecraft:root / minecraft:item]: resource_farms:cpowder
[27Jan2025 22:22:24.989] [Render thread/INFO] [net.minecraft.world.item.crafting.RecipeManager/]: Loaded 1601 recipes
[27Jan2025 22:22:25.139] [Render thread/INFO] [net.minecraft.advancements.AdvancementTree/]: Loaded 1710 advancements
[27Jan2025 22:22:25.415] [Render thread/INFO] [mezz.jei.neoforge.startup.StartEventObserver/]: JEI StartEventObserver received class net.neoforged.neoforge.event.TagsUpdatedEvent too early, ignoring
[27Jan2025 22:22:25.420] [Render thread/INFO] [snownee.jade.Jade/]: LootTableMineableCollector took 4.351 ms
[27Jan2025 22:22:25.487] [Server thread/INFO] [net.minecraft.client.server.IntegratedServer/]: Starting integrated minecraft server version 1.21.1
[27Jan2025 22:22:25.487] [Server thread/INFO] [net.minecraft.server.MinecraftServer/]: Generating keypair
[27Jan2025 22:22:26.357] [Server thread/INFO] [net.minecraft.server.MinecraftServer/]: Preparing start region for dimension minecraft:overworld
[27Jan2025 22:22:26.610] [progressListener/INFO] [net.minecraft.server.level.progress.LoggerChunkProgressListener/]: Preparing spawn area: 0%
[27Jan2025 22:22:26.662] [Server thread/INFO] [net.neoforged.neoforge.server.permission.PermissionAPI/]: Successfully initialized permission handler neoforge:default_handler
[27Jan2025 22:22:26.672] [progressListener/INFO] [net.minecraft.server.level.progress.LoggerChunkProgressListener/]: Time elapsed: 298 ms
[27Jan2025 22:22:26.730] [Server thread/INFO] [net.minecraft.client.server.IntegratedServer/]: Changing view distance to 12, from 10
[27Jan2025 22:22:26.730] [Server thread/INFO] [net.minecraft.client.server.IntegratedServer/]: Changing simulation distance to 12, from 0
[27Jan2025 22:22:27.142] [Render thread/INFO] [mezz.jei.neoforge.startup.StartEventObserver/]: JEI StartEventObserver received class net.neoforged.neoforge.event.TagsUpdatedEvent
[27Jan2025 22:22:27.318] [Server thread/INFO] [net.minecraft.server.players.PlayerList/]: Dev[local:E:6966c85e] logged in with entity id 2 at (-5.560140702841632, 67.0, 21.087644084528197)
[27Jan2025 22:22:27.357] [Server thread/INFO] [net.minecraft.server.MinecraftServer/]: Dev joined the game
[27Jan2025 22:22:27.519] [Render thread/INFO] [mezz.jei.neoforge.startup.StartEventObserver/]: JEI StartEventObserver received class net.neoforged.neoforge.client.event.RecipesUpdatedEvent
[27Jan2025 22:22:27.519] [Render thread/INFO] [mezz.jei.neoforge.startup.StartEventObserver/]: JEI StartEventObserver transitioning state from LISTENING to JEI_STARTED
[27Jan2025 22:22:27.519] [Render thread/INFO] [mezz.jei.core.util.LoggedTimer/]: Starting JEI...
[27Jan2025 22:22:27.525] [Render thread/INFO] [mezz.jei.library.load.PluginCaller/]: Registering item subtypes...
[27Jan2025 22:22:27.530] [Render thread/INFO] [mezz.jei.library.load.PluginCaller/]: Registering item subtypes took 4.191 ms
[27Jan2025 22:22:27.530] [Render thread/INFO] [mezz.jei.library.load.PluginCaller/]: Registering fluid subtypes...
[27Jan2025 22:22:27.532] [Render thread/INFO] [mezz.jei.library.load.PluginCaller/]: Registering fluid subtypes took 1.393 ms
[27Jan2025 22:22:27.532] [Render thread/INFO] [mezz.jei.library.load.PluginCaller/]: Registering ingredients...
[27Jan2025 22:22:27.623] [Render thread/INFO] [mezz.jei.library.load.PluginCallerTimerRunnable/]: Registering ingredients: jei:minecraft took 89.45 milliseconds
[27Jan2025 22:22:27.623] [Render thread/INFO] [mezz.jei.library.load.PluginCaller/]: Registering ingredients took 90.34 ms
[27Jan2025 22:22:27.624] [Render thread/INFO] [mezz.jei.library.load.PluginCaller/]: Registering extra ingredients...
[27Jan2025 22:22:27.624] [Render thread/INFO] [mezz.jei.library.load.PluginCaller/]: Registering extra ingredients took 390.8 μs
[27Jan2025 22:22:27.624] [Render thread/INFO] [mezz.jei.library.load.PluginCaller/]: Registering search ingredient aliases...
[27Jan2025 22:22:27.625] [Render thread/INFO] [mezz.jei.library.load.PluginCaller/]: Registering search ingredient aliases took 656.4 μs
[27Jan2025 22:22:27.638] [Render thread/INFO] [mezz.jei.library.load.PluginCaller/]: Registering Mod Info...
[27Jan2025 22:22:27.639] [Render thread/INFO] [mezz.jei.library.load.PluginCaller/]: Registering Mod Info took 623.3 μs
[27Jan2025 22:22:27.653] [Render thread/INFO] [mezz.jei.library.load.PluginCaller/]: Registering categories...
[27Jan2025 22:22:27.665] [Render thread/INFO] [mezz.jei.library.load.PluginCallerTimerRunnable/]: Registering categories: jei:minecraft took 11.86 milliseconds
[27Jan2025 22:22:27.671] [Render thread/INFO] [mezz.jei.library.load.PluginCaller/]: Registering categories took 17.80 ms
[27Jan2025 22:22:27.672] [Render thread/INFO] [mezz.jei.library.load.PluginCaller/]: Registering vanilla category extensions...
[27Jan2025 22:22:27.675] [Render thread/INFO] [mezz.jei.library.load.PluginCaller/]: Registering vanilla category extensions took 2.386 ms
[27Jan2025 22:22:27.675] [Render thread/INFO] [mezz.jei.library.load.PluginCaller/]: Registering recipe catalysts...
[27Jan2025 22:22:27.676] [Render thread/INFO] [mezz.jei.library.load.PluginCaller/]: Registering recipe catalysts took 996.5 μs
[27Jan2025 22:22:27.676] [Render thread/INFO] [mezz.jei.core.util.LoggedTimer/]: Building recipe registry...
[27Jan2025 22:22:27.686] [Render thread/INFO] [mezz.jei.core.util.LoggedTimer/]: Building recipe registry took 9.082 ms
[27Jan2025 22:22:27.687] [Render thread/INFO] [mezz.jei.library.load.PluginCaller/]: Registering advanced plugins...
[27Jan2025 22:22:27.687] [Render thread/INFO] [mezz.jei.library.load.PluginCaller/]: Registering advanced plugins took 426.0 μs
[27Jan2025 22:22:27.688] [Render thread/INFO] [mezz.jei.library.load.PluginCaller/]: Registering recipes...
[27Jan2025 22:22:27.864] [Render thread/INFO] [mezz.jei.library.load.PluginCallerTimerRunnable/]: Registering recipes: jei:minecraft took 175.7 milliseconds
[27Jan2025 22:22:27.933] [Render thread/INFO] [mezz.jei.library.load.PluginCallerTimerRunnable/]: Registering recipes: jei:internal took 68.14 milliseconds
[27Jan2025 22:22:27.934] [Render thread/INFO] [mezz.jei.library.load.PluginCaller/]: Registering recipes took 245.6 ms
[27Jan2025 22:22:27.946] [Render thread/INFO] [mezz.jei.library.load.PluginCaller/]: Registering recipes transfer handlers...
[27Jan2025 22:22:27.949] [Render thread/INFO] [mezz.jei.library.load.PluginCaller/]: Registering recipes transfer handlers took 3.350 ms
[27Jan2025 22:22:27.953] [Render thread/INFO] [mezz.jei.core.util.LoggedTimer/]: Building runtime...
[27Jan2025 22:22:27.958] [Render thread/INFO] [mezz.jei.library.load.PluginCaller/]: Registering gui handlers...
[27Jan2025 22:22:27.966] [Render thread/INFO] [mezz.jei.library.load.PluginCaller/]: Registering gui handlers took 7.009 ms
[27Jan2025 22:22:27.969] [Render thread/INFO] [mezz.jei.library.load.PluginCaller/]: Registering Runtime...
[27Jan2025 22:22:27.971] [Render thread/INFO] [mezz.jei.gui.startup.JeiGuiStarter/]: Starting JEI GUI
[27Jan2025 22:22:27.971] [Render thread/INFO] [mezz.jei.core.util.LoggedTimer/]: Building ingredient list...
[27Jan2025 22:22:27.996] [Render thread/INFO] [mezz.jei.core.util.LoggedTimer/]: Building ingredient list took 24.24 ms
[27Jan2025 22:22:27.996] [Render thread/INFO] [mezz.jei.core.util.LoggedTimer/]: Building ingredient filter...
[27Jan2025 22:22:28.023] [Render thread/INFO] [mezz.jei.gui.ingredients.IngredientFilter/]: Adding 1767 ingredients
[27Jan2025 22:22:28.230] [Render thread/INFO] [mezz.jei.gui.ingredients.IngredientFilter/]: Added 1767 ingredients
[27Jan2025 22:22:28.231] [Render thread/INFO] [mezz.jei.core.util.LoggedTimer/]: Building ingredient filter took 233.9 ms
[27Jan2025 22:22:28.286] [Render thread/INFO] [mezz.jei.library.load.PluginCallerTimerRunnable/]: Registering Runtime: jei:neoforge_gui took 316.6 milliseconds
[27Jan2025 22:22:28.287] [Render thread/INFO] [mezz.jei.library.load.PluginCaller/]: Registering Runtime took 317.5 ms
[27Jan2025 22:22:28.287] [Render thread/INFO] [mezz.jei.core.util.LoggedTimer/]: Building runtime took 333.9 ms
[27Jan2025 22:22:28.288] [Render thread/INFO] [mezz.jei.library.load.PluginCaller/]: Sending Runtime...
[27Jan2025 22:22:28.288] [Render thread/INFO] [mezz.jei.library.load.PluginCaller/]: Sending Runtime took 469.6 μs
[27Jan2025 22:22:28.288] [Render thread/INFO] [mezz.jei.core.util.LoggedTimer/]: Starting JEI took 768.9 ms
[27Jan2025 22:22:28.303] [Render thread/INFO] [snownee.jade.Jade/]: Received config from the server: 
[27Jan2025 22:22:28.304] [Render thread/INFO] [net.minecraft.advancements.AdvancementTree/]: Loaded 170 advancements
[27Jan2025 22:23:21.157] [Server thread/WARN] [net.minecraft.server.MinecraftServer/]: Can't keep up! Is the server overloaded? Running 33693ms or 673 ticks behind
[27Jan2025 22:25:13.131] [Server thread/WARN] [net.minecraft.server.MinecraftServer/]: Can't keep up! Is the server overloaded? Running 97017ms or 1940 ticks behind
[27Jan2025 22:25:26.214] [Server thread/INFO] [net.minecraft.client.server.IntegratedServer/]: Saving and pausing game...
[27Jan2025 22:25:26.231] [Server thread/INFO] [net.minecraft.server.MinecraftServer/]: Saving chunks for level 'ServerLevel[New World]'/minecraft:overworld
[27Jan2025 22:25:26.245] [Server thread/INFO] [net.minecraft.server.MinecraftServer/]: Saving chunks for level 'ServerLevel[New World]'/minecraft:the_end
[27Jan2025 22:25:26.251] [Server thread/INFO] [net.minecraft.server.MinecraftServer/]: Saving chunks for level 'ServerLevel[New World]'/minecraft:the_nether
[27Jan2025 22:25:27.414] [Server thread/INFO] [net.minecraft.client.server.IntegratedServer/]: Saving and pausing game...
[27Jan2025 22:25:27.431] [Server thread/INFO] [net.minecraft.server.MinecraftServer/]: Saving chunks for level 'ServerLevel[New World]'/minecraft:overworld
[27Jan2025 22:25:27.436] [Server thread/INFO] [net.minecraft.server.MinecraftServer/]: Saving chunks for level 'ServerLevel[New World]'/minecraft:the_end
[27Jan2025 22:25:27.440] [Server thread/INFO] [net.minecraft.server.MinecraftServer/]: Saving chunks for level 'ServerLevel[New World]'/minecraft:the_nether
[27Jan2025 22:25:27.945] [Render thread/INFO] [mezz.jei.neoforge.startup.StartEventObserver/]: JEI StartEventObserver received class net.neoforged.neoforge.client.event.ClientPlayerNetworkEvent$LoggingOut
[27Jan2025 22:25:27.945] [Render thread/INFO] [mezz.jei.neoforge.startup.StartEventObserver/]: JEI StartEventObserver transitioning state from JEI_STARTED to LISTENING
[27Jan2025 22:25:27.945] [Render thread/INFO] [mezz.jei.library.startup.JeiStarter/]: Stopping JEI
[27Jan2025 22:25:27.945] [Render thread/INFO] [mezz.jei.library.load.PluginCaller/]: Sending Runtime Unavailable...
[27Jan2025 22:25:27.945] [Render thread/INFO] [mezz.jei.neoforge.plugins.neoforge.NeoForgeGuiPlugin/]: Stopping JEI GUI
[27Jan2025 22:25:27.947] [Render thread/INFO] [mezz.jei.library.load.PluginCaller/]: Sending Runtime Unavailable took 1.666 ms
[27Jan2025 22:25:27.966] [Server thread/INFO] [net.minecraft.server.network.ServerGamePacketListenerImpl/]: Dev lost connection: Disconnected
[27Jan2025 22:25:27.966] [Server thread/INFO] [net.minecraft.server.MinecraftServer/]: Dev left the game
[27Jan2025 22:25:27.984] [Server thread/INFO] [net.minecraft.server.network.ServerCommonPacketListenerImpl/]: Stopping singleplayer server as player logged out
[27Jan2025 22:25:28.014] [Server thread/INFO] [net.minecraft.server.MinecraftServer/]: Stopping server
[27Jan2025 22:25:28.016] [Server thread/INFO] [net.minecraft.server.MinecraftServer/]: Saving players
[27Jan2025 22:25:28.016] [Server thread/INFO] [net.minecraft.server.MinecraftServer/]: Saving worlds
[27Jan2025 22:25:28.187] [Server thread/INFO] [net.minecraft.server.MinecraftServer/]: Saving chunks for level 'ServerLevel[New World]'/minecraft:overworld
[27Jan2025 22:25:28.209] [Server thread/INFO] [net.minecraft.server.MinecraftServer/]: Saving chunks for level 'ServerLevel[New World]'/minecraft:the_end
[27Jan2025 22:25:28.211] [Server thread/INFO] [net.minecraft.server.MinecraftServer/]: Saving chunks for level 'ServerLevel[New World]'/minecraft:the_nether
[27Jan2025 22:25:28.219] [Server thread/INFO] [net.minecraft.server.MinecraftServer/]: ThreadedAnvilChunkStorage (New World): All chunks are saved
[27Jan2025 22:25:28.219] [Server thread/INFO] [net.minecraft.server.MinecraftServer/]: ThreadedAnvilChunkStorage (DIM1): All chunks are saved
[27Jan2025 22:25:28.219] [Server thread/INFO] [net.minecraft.server.MinecraftServer/]: ThreadedAnvilChunkStorage (DIM-1): All chunks are saved
[27Jan2025 22:25:28.219] [Server thread/INFO] [net.minecraft.server.MinecraftServer/]: ThreadedAnvilChunkStorage: All dimensions are saved
[27Jan2025 22:25:30.221] [Worker-Main-13/ERROR] [net.minecraft.world.level.storage.loot.LootDataType/]: Couldn't parse element ResourceKey[minecraft:root / minecraft:loot_table]:resource_farms:blocks/cpowder_farm - Unknown registry key in ResourceKey[minecraft:root / minecraft:item]: resource_farms:cpowder
[27Jan2025 22:25:30.366] [Render thread/INFO] [net.minecraft.world.item.crafting.RecipeManager/]: Loaded 1601 recipes
[27Jan2025 22:25:30.416] [Render thread/INFO] [net.minecraft.advancements.AdvancementTree/]: Loaded 1710 advancements
[27Jan2025 22:25:30.673] [Render thread/INFO] [mezz.jei.neoforge.startup.StartEventObserver/]: JEI StartEventObserver received class net.neoforged.neoforge.event.TagsUpdatedEvent too early, ignoring
[27Jan2025 22:25:30.675] [Render thread/INFO] [snownee.jade.Jade/]: LootTableMineableCollector took 2.210 ms
[27Jan2025 22:25:30.702] [Server thread/INFO] [net.minecraft.client.server.IntegratedServer/]: Starting integrated minecraft server version 1.21.1
[27Jan2025 22:25:30.702] [Server thread/INFO] [net.minecraft.server.MinecraftServer/]: Generating keypair
[27Jan2025 22:25:31.473] [Server thread/INFO] [net.minecraft.server.MinecraftServer/]: Preparing start region for dimension minecraft:overworld
[27Jan2025 22:25:31.538] [progressListener/INFO] [net.minecraft.server.level.progress.LoggerChunkProgressListener/]: Preparing spawn area: 0%
[27Jan2025 22:25:31.575] [Server thread/INFO] [net.neoforged.neoforge.server.permission.PermissionAPI/]: Successfully initialized permission handler neoforge:default_handler
[27Jan2025 22:25:31.579] [progressListener/INFO] [net.minecraft.server.level.progress.LoggerChunkProgressListener/]: Time elapsed: 101 ms
[27Jan2025 22:25:31.588] [Server thread/INFO] [net.minecraft.client.server.IntegratedServer/]: Changing view distance to 12, from 10
[27Jan2025 22:25:31.588] [Server thread/INFO] [net.minecraft.client.server.IntegratedServer/]: Changing simulation distance to 12, from 0
[27Jan2025 22:25:31.814] [Render thread/INFO] [mezz.jei.neoforge.startup.StartEventObserver/]: JEI StartEventObserver received class net.neoforged.neoforge.event.TagsUpdatedEvent
[27Jan2025 22:25:31.830] [Server thread/INFO] [net.minecraft.server.players.PlayerList/]: Dev[local:E:c1c87732] logged in with entity id 83 at (-6.110465504384959, 67.0, 19.59320479730306)
[27Jan2025 22:25:31.861] [Server thread/INFO] [net.minecraft.server.MinecraftServer/]: Dev joined the game
[27Jan2025 22:25:31.926] [Render thread/INFO] [mezz.jei.neoforge.startup.StartEventObserver/]: JEI StartEventObserver received class net.neoforged.neoforge.client.event.RecipesUpdatedEvent
[27Jan2025 22:25:31.926] [Render thread/INFO] [mezz.jei.neoforge.startup.StartEventObserver/]: JEI StartEventObserver transitioning state from LISTENING to JEI_STARTED
[27Jan2025 22:25:31.926] [Render thread/INFO] [mezz.jei.core.util.LoggedTimer/]: Starting JEI...
[27Jan2025 22:25:31.926] [Render thread/INFO] [mezz.jei.library.load.PluginCaller/]: Registering item subtypes...
[27Jan2025 22:25:31.927] [Render thread/INFO] [mezz.jei.library.load.PluginCaller/]: Registering item subtypes took 418.0 μs
[27Jan2025 22:25:31.927] [Render thread/INFO] [mezz.jei.library.load.PluginCaller/]: Registering fluid subtypes...
[27Jan2025 22:25:31.927] [Render thread/INFO] [mezz.jei.library.load.PluginCaller/]: Registering fluid subtypes took 360.3 μs
[27Jan2025 22:25:31.927] [Render thread/INFO] [mezz.jei.library.load.PluginCaller/]: Registering ingredients...
[27Jan2025 22:25:31.944] [Render thread/INFO] [mezz.jei.library.load.PluginCallerTimerRunnable/]: Registering ingredients: jei:minecraft took 16.30 milliseconds
[27Jan2025 22:25:31.944] [Render thread/INFO] [mezz.jei.library.load.PluginCaller/]: Registering ingredients took 16.86 ms
[27Jan2025 22:25:31.944] [Render thread/INFO] [mezz.jei.library.load.PluginCaller/]: Registering extra ingredients...
[27Jan2025 22:25:31.945] [Render thread/INFO] [mezz.jei.library.load.PluginCaller/]: Registering extra ingredients took 381.5 μs
[27Jan2025 22:25:31.945] [Render thread/INFO] [mezz.jei.library.load.PluginCaller/]: Registering search ingredient aliases...
[27Jan2025 22:25:31.945] [Render thread/INFO] [mezz.jei.library.load.PluginCaller/]: Registering search ingredient aliases took 386.2 μs
[27Jan2025 22:25:31.946] [Render thread/INFO] [mezz.jei.library.load.PluginCaller/]: Registering Mod Info...
[27Jan2025 22:25:31.946] [Render thread/INFO] [mezz.jei.library.load.PluginCaller/]: Registering Mod Info took 331.9 μs
[27Jan2025 22:25:31.946] [Render thread/INFO] [mezz.jei.library.load.PluginCaller/]: Registering categories...
[27Jan2025 22:25:31.947] [Render thread/INFO] [mezz.jei.library.load.PluginCaller/]: Registering categories took 1.101 ms
[27Jan2025 22:25:31.947] [Render thread/INFO] [mezz.jei.library.load.PluginCaller/]: Registering vanilla category extensions...
[27Jan2025 22:25:31.949] [Render thread/INFO] [mezz.jei.library.load.PluginCaller/]: Registering vanilla category extensions took 461.2 μs
[27Jan2025 22:25:31.949] [Render thread/INFO] [mezz.jei.library.load.PluginCaller/]: Registering recipe catalysts...
[27Jan2025 22:25:31.949] [Render thread/INFO] [mezz.jei.library.load.PluginCaller/]: Registering recipe catalysts took 373.7 μs
[27Jan2025 22:25:31.949] [Render thread/INFO] [mezz.jei.core.util.LoggedTimer/]: Building recipe registry...
[27Jan2025 22:25:31.950] [Render thread/INFO] [mezz.jei.core.util.LoggedTimer/]: Building recipe registry took 461.7 μs
[27Jan2025 22:25:31.950] [Render thread/INFO] [mezz.jei.library.load.PluginCaller/]: Registering advanced plugins...
[27Jan2025 22:25:31.950] [Render thread/INFO] [mezz.jei.library.load.PluginCaller/]: Registering advanced plugins took 356.8 μs
[27Jan2025 22:25:31.951] [Render thread/INFO] [mezz.jei.library.load.PluginCaller/]: Registering recipes...
[27Jan2025 22:25:32.021] [Render thread/INFO] [mezz.jei.library.load.PluginCallerTimerRunnable/]: Registering recipes: jei:minecraft took 69.72 milliseconds
[27Jan2025 22:25:32.045] [Render thread/INFO] [mezz.jei.library.load.PluginCallerTimerRunnable/]: Registering recipes: jei:internal took 23.76 milliseconds
[27Jan2025 22:25:32.045] [Render thread/INFO] [mezz.jei.library.load.PluginCaller/]: Registering recipes took 94.26 ms
[27Jan2025 22:25:32.046] [Render thread/INFO] [mezz.jei.library.load.PluginCaller/]: Registering recipes transfer handlers...
[27Jan2025 22:25:32.047] [Render thread/INFO] [mezz.jei.library.load.PluginCaller/]: Registering recipes transfer handlers took 471.4 μs
[27Jan2025 22:25:32.047] [Render thread/INFO] [mezz.jei.core.util.LoggedTimer/]: Building runtime...
[27Jan2025 22:25:32.047] [Render thread/INFO] [mezz.jei.library.load.PluginCaller/]: Registering gui handlers...
[27Jan2025 22:25:32.048] [Render thread/INFO] [mezz.jei.library.load.PluginCaller/]: Registering gui handlers took 548.8 μs
[27Jan2025 22:25:32.048] [Render thread/INFO] [mezz.jei.library.load.PluginCaller/]: Registering Runtime...
[27Jan2025 22:25:32.048] [Render thread/INFO] [mezz.jei.gui.startup.JeiGuiStarter/]: Starting JEI GUI
[27Jan2025 22:25:32.049] [Render thread/INFO] [mezz.jei.core.util.LoggedTimer/]: Building ingredient list...
[27Jan2025 22:25:32.059] [Render thread/INFO] [mezz.jei.core.util.LoggedTimer/]: Building ingredient list took 10.39 ms
[27Jan2025 22:25:32.059] [Render thread/INFO] [mezz.jei.core.util.LoggedTimer/]: Building ingredient filter...
[27Jan2025 22:25:32.062] [Render thread/INFO] [mezz.jei.gui.ingredients.IngredientFilter/]: Adding 1767 ingredients
[27Jan2025 22:25:32.204] [Render thread/INFO] [mezz.jei.gui.ingredients.IngredientFilter/]: Added 1767 ingredients
[27Jan2025 22:25:32.205] [Render thread/INFO] [mezz.jei.core.util.LoggedTimer/]: Building ingredient filter took 145.7 ms
[27Jan2025 22:25:32.216] [Render thread/INFO] [mezz.jei.library.load.PluginCallerTimerRunnable/]: Registering Runtime: jei:neoforge_gui took 167.7 milliseconds
[27Jan2025 22:25:32.216] [Render thread/INFO] [mezz.jei.library.load.PluginCaller/]: Registering Runtime took 168.3 ms
[27Jan2025 22:25:32.216] [Render thread/INFO] [mezz.jei.core.util.LoggedTimer/]: Building runtime took 169.2 ms
[27Jan2025 22:25:32.216] [Render thread/INFO] [mezz.jei.library.load.PluginCaller/]: Sending Runtime...
[27Jan2025 22:25:32.217] [Render thread/INFO] [mezz.jei.library.load.PluginCaller/]: Sending Runtime took 444.6 μs
[27Jan2025 22:25:32.217] [Render thread/INFO] [mezz.jei.core.util.LoggedTimer/]: Starting JEI took 290.8 ms
[27Jan2025 22:25:32.223] [Render thread/INFO] [snownee.jade.Jade/]: Received config from the server: 
[27Jan2025 22:25:32.224] [Render thread/INFO] [net.minecraft.advancements.AdvancementTree/]: Loaded 170 advancements
[27Jan2025 22:25:41.392] [Server thread/INFO] [net.minecraft.server.MinecraftServer/]: Dev has made the advancement [Stone Age]
[27Jan2025 22:25:41.404] [Render thread/INFO] [net.minecraft.client.gui.components.ChatComponent/]: [System] [CHAT] Dev has made the advancement [Stone Age]
[27Jan2025 22:25:41.437] [Render thread/INFO] [net.minecraft.advancements.AdvancementTree/]: Loaded 223 advancements
[27Jan2025 22:25:54.428] [Server thread/INFO] [net.minecraft.client.server.IntegratedServer/]: Saving and pausing game...
[27Jan2025 22:25:54.441] [Server thread/INFO] [net.minecraft.server.MinecraftServer/]: Saving chunks for level 'ServerLevel[New World]'/minecraft:overworld
[27Jan2025 22:25:54.449] [Server thread/INFO] [net.minecraft.server.MinecraftServer/]: Saving chunks for level 'ServerLevel[New World]'/minecraft:the_end
[27Jan2025 22:25:54.455] [Server thread/INFO] [net.minecraft.server.MinecraftServer/]: Saving chunks for level 'ServerLevel[New World]'/minecraft:the_nether
[27Jan2025 22:28:08.699] [Render thread/INFO] [mezz.jei.neoforge.startup.StartEventObserver/]: JEI StartEventObserver received class net.neoforged.neoforge.client.event.ClientPlayerNetworkEvent$LoggingOut
[27Jan2025 22:28:08.699] [Render thread/INFO] [mezz.jei.neoforge.startup.StartEventObserver/]: JEI StartEventObserver transitioning state from JEI_STARTED to LISTENING
[27Jan2025 22:28:08.699] [Render thread/INFO] [mezz.jei.library.startup.JeiStarter/]: Stopping JEI
[27Jan2025 22:28:08.699] [Render thread/INFO] [mezz.jei.library.load.PluginCaller/]: Sending Runtime Unavailable...
[27Jan2025 22:28:08.699] [Render thread/INFO] [mezz.jei.neoforge.plugins.neoforge.NeoForgeGuiPlugin/]: Stopping JEI GUI
[27Jan2025 22:28:08.702] [Render thread/INFO] [mezz.jei.library.load.PluginCaller/]: Sending Runtime Unavailable took 1.672 ms
[27Jan2025 22:28:08.730] [Server thread/INFO] [net.minecraft.server.network.ServerGamePacketListenerImpl/]: Dev lost connection: Disconnected
[27Jan2025 22:28:08.730] [Server thread/INFO] [net.minecraft.server.MinecraftServer/]: Dev left the game
[27Jan2025 22:28:08.739] [Server thread/INFO] [net.minecraft.server.network.ServerCommonPacketListenerImpl/]: Stopping singleplayer server as player logged out
[27Jan2025 22:28:08.818] [Server thread/INFO] [net.minecraft.server.MinecraftServer/]: Stopping server
[27Jan2025 22:28:08.818] [Server thread/INFO] [net.minecraft.server.MinecraftServer/]: Saving players
[27Jan2025 22:28:08.818] [Server thread/INFO] [net.minecraft.server.MinecraftServer/]: Saving worlds
[27Jan2025 22:28:08.978] [Server thread/INFO] [net.minecraft.server.MinecraftServer/]: Saving chunks for level 'ServerLevel[New World]'/minecraft:overworld
[27Jan2025 22:28:08.996] [Server thread/INFO] [net.minecraft.server.MinecraftServer/]: Saving chunks for level 'ServerLevel[New World]'/minecraft:the_end
[27Jan2025 22:28:08.999] [Server thread/INFO] [net.minecraft.server.MinecraftServer/]: Saving chunks for level 'ServerLevel[New World]'/minecraft:the_nether
[27Jan2025 22:28:09.006] [Server thread/INFO] [net.minecraft.server.MinecraftServer/]: ThreadedAnvilChunkStorage (New World): All chunks are saved
[27Jan2025 22:28:09.007] [Server thread/INFO] [net.minecraft.server.MinecraftServer/]: ThreadedAnvilChunkStorage (DIM1): All chunks are saved
[27Jan2025 22:28:09.007] [Server thread/INFO] [net.minecraft.server.MinecraftServer/]: ThreadedAnvilChunkStorage (DIM-1): All chunks are saved
[27Jan2025 22:28:09.007] [Server thread/INFO] [net.minecraft.server.MinecraftServer/]: ThreadedAnvilChunkStorage: All dimensions are saved
[27Jan2025 22:28:11.230] [Worker-Main-8/ERROR] [net.minecraft.world.level.storage.loot.LootDataType/]: Couldn't parse element ResourceKey[minecraft:root / minecraft:loot_table]:resource_farms:blocks/cpowder_farm - Unknown registry key in ResourceKey[minecraft:root / minecraft:item]: resource_farms:cpowder
[27Jan2025 22:28:11.421] [Render thread/INFO] [net.minecraft.world.item.crafting.RecipeManager/]: Loaded 1601 recipes
[27Jan2025 22:28:11.486] [Render thread/INFO] [net.minecraft.advancements.AdvancementTree/]: Loaded 1710 advancements
[27Jan2025 22:28:11.752] [Render thread/INFO] [mezz.jei.neoforge.startup.StartEventObserver/]: JEI StartEventObserver received class net.neoforged.neoforge.event.TagsUpdatedEvent too early, ignoring
[27Jan2025 22:28:11.754] [Render thread/INFO] [snownee.jade.Jade/]: LootTableMineableCollector took 1.890 ms
[27Jan2025 22:28:11.781] [Server thread/INFO] [net.minecraft.client.server.IntegratedServer/]: Starting integrated minecraft server version 1.21.1
[27Jan2025 22:28:11.781] [Server thread/INFO] [net.minecraft.server.MinecraftServer/]: Generating keypair
[27Jan2025 22:28:12.613] [Server thread/INFO] [net.minecraft.server.MinecraftServer/]: Preparing start region for dimension minecraft:overworld
[27Jan2025 22:28:12.721] [progressListener/INFO] [net.minecraft.server.level.progress.LoggerChunkProgressListener/]: Preparing spawn area: 0%
[27Jan2025 22:28:12.758] [Server thread/INFO] [net.neoforged.neoforge.server.permission.PermissionAPI/]: Successfully initialized permission handler neoforge:default_handler
[27Jan2025 22:28:12.761] [progressListener/INFO] [net.minecraft.server.level.progress.LoggerChunkProgressListener/]: Time elapsed: 140 ms
[27Jan2025 22:28:12.767] [Server thread/INFO] [net.minecraft.client.server.IntegratedServer/]: Changing view distance to 12, from 10
[27Jan2025 22:28:12.767] [Server thread/INFO] [net.minecraft.client.server.IntegratedServer/]: Changing simulation distance to 12, from 0
[27Jan2025 22:28:12.984] [Render thread/INFO] [mezz.jei.neoforge.startup.StartEventObserver/]: JEI StartEventObserver received class net.neoforged.neoforge.event.TagsUpdatedEvent
[27Jan2025 22:28:13.017] [Server thread/INFO] [net.minecraft.server.players.PlayerList/]: Dev[local:E:39430b96] logged in with entity id 163 at (-6.110465504384959, 67.0, 19.59320479730306)
[27Jan2025 22:28:13.044] [Server thread/INFO] [net.minecraft.server.MinecraftServer/]: Dev joined the game
[27Jan2025 22:28:13.113] [Render thread/INFO] [mezz.jei.neoforge.startup.StartEventObserver/]: JEI StartEventObserver received class net.neoforged.neoforge.client.event.RecipesUpdatedEvent
[27Jan2025 22:28:13.113] [Render thread/INFO] [mezz.jei.neoforge.startup.StartEventObserver/]: JEI StartEventObserver transitioning state from LISTENING to JEI_STARTED
[27Jan2025 22:28:13.113] [Render thread/INFO] [mezz.jei.core.util.LoggedTimer/]: Starting JEI...
[27Jan2025 22:28:13.113] [Render thread/INFO] [mezz.jei.library.load.PluginCaller/]: Registering item subtypes...
[27Jan2025 22:28:13.113] [Render thread/INFO] [mezz.jei.library.load.PluginCaller/]: Registering item subtypes took 488.5 μs
[27Jan2025 22:28:13.113] [Render thread/INFO] [mezz.jei.library.load.PluginCaller/]: Registering fluid subtypes...
[27Jan2025 22:28:13.114] [Render thread/INFO] [mezz.jei.library.load.PluginCaller/]: Registering fluid subtypes took 275.6 μs
[27Jan2025 22:28:13.114] [Render thread/INFO] [mezz.jei.library.load.PluginCaller/]: Registering ingredients...
[27Jan2025 22:28:13.135] [Render thread/INFO] [mezz.jei.library.load.PluginCallerTimerRunnable/]: Registering ingredients: jei:minecraft took 20.14 milliseconds
[27Jan2025 22:28:13.135] [Render thread/INFO] [mezz.jei.library.load.PluginCaller/]: Registering ingredients took 20.61 ms
[27Jan2025 22:28:13.135] [Render thread/INFO] [mezz.jei.library.load.PluginCaller/]: Registering extra ingredients...
[27Jan2025 22:28:13.136] [Render thread/INFO] [mezz.jei.library.load.PluginCaller/]: Registering extra ingredients took 498.4 μs
[27Jan2025 22:28:13.136] [Render thread/INFO] [mezz.jei.library.load.PluginCaller/]: Registering search ingredient aliases...
[27Jan2025 22:28:13.136] [Render thread/INFO] [mezz.jei.library.load.PluginCaller/]: Registering search ingredient aliases took 515.8 μs
[27Jan2025 22:28:13.137] [Render thread/INFO] [mezz.jei.library.load.PluginCaller/]: Registering Mod Info...
[27Jan2025 22:28:13.137] [Render thread/INFO] [mezz.jei.library.load.PluginCaller/]: Registering Mod Info took 330.2 μs
[27Jan2025 22:28:13.137] [Render thread/INFO] [mezz.jei.library.load.PluginCaller/]: Registering categories...
[27Jan2025 22:28:13.138] [Render thread/INFO] [mezz.jei.library.load.PluginCaller/]: Registering categories took 1.289 ms
[27Jan2025 22:28:13.138] [Render thread/INFO] [mezz.jei.library.load.PluginCaller/]: Registering vanilla category extensions...
[27Jan2025 22:28:13.139] [Render thread/INFO] [mezz.jei.library.load.PluginCaller/]: Registering vanilla category extensions took 407.3 μs
[27Jan2025 22:28:13.139] [Render thread/INFO] [mezz.jei.library.load.PluginCaller/]: Registering recipe catalysts...
[27Jan2025 22:28:13.139] [Render thread/INFO] [mezz.jei.library.load.PluginCaller/]: Registering recipe catalysts took 455.2 μs
[27Jan2025 22:28:13.139] [Render thread/INFO] [mezz.jei.core.util.LoggedTimer/]: Building recipe registry...
[27Jan2025 22:28:13.141] [Render thread/INFO] [mezz.jei.core.util.LoggedTimer/]: Building recipe registry took 326.6 μs
[27Jan2025 22:28:13.141] [Render thread/INFO] [mezz.jei.library.load.PluginCaller/]: Registering advanced plugins...
[27Jan2025 22:28:13.141] [Render thread/INFO] [mezz.jei.library.load.PluginCaller/]: Registering advanced plugins took 343.6 μs
[27Jan2025 22:28:13.141] [Render thread/INFO] [mezz.jei.library.load.PluginCaller/]: Registering recipes...
[27Jan2025 22:28:13.214] [Render thread/INFO] [mezz.jei.library.load.PluginCallerTimerRunnable/]: Registering recipes: jei:minecraft took 73.77 milliseconds
[27Jan2025 22:28:13.240] [Render thread/INFO] [mezz.jei.library.load.PluginCallerTimerRunnable/]: Registering recipes: jei:internal took 24.48 milliseconds
[27Jan2025 22:28:13.240] [Render thread/INFO] [mezz.jei.library.load.PluginCaller/]: Registering recipes took 99.07 ms
[27Jan2025 22:28:13.241] [Render thread/INFO] [mezz.jei.library.load.PluginCaller/]: Registering recipes transfer handlers...
[27Jan2025 22:28:13.241] [Render thread/INFO] [mezz.jei.library.load.PluginCaller/]: Registering recipes transfer handlers took 427.3 μs
[27Jan2025 22:28:13.241] [Render thread/INFO] [mezz.jei.core.util.LoggedTimer/]: Building runtime...
[27Jan2025 22:28:13.242] [Render thread/INFO] [mezz.jei.library.load.PluginCaller/]: Registering gui handlers...
[27Jan2025 22:28:13.242] [Render thread/INFO] [mezz.jei.library.load.PluginCaller/]: Registering gui handlers took 413.1 μs
[27Jan2025 22:28:13.242] [Render thread/INFO] [mezz.jei.library.load.PluginCaller/]: Registering Runtime...
[27Jan2025 22:28:13.242] [Render thread/INFO] [mezz.jei.gui.startup.JeiGuiStarter/]: Starting JEI GUI
[27Jan2025 22:28:13.242] [Render thread/INFO] [mezz.jei.core.util.LoggedTimer/]: Building ingredient list...
[27Jan2025 22:28:13.253] [Render thread/INFO] [mezz.jei.core.util.LoggedTimer/]: Building ingredient list took 10.04 ms
[27Jan2025 22:28:13.253] [Render thread/INFO] [mezz.jei.core.util.LoggedTimer/]: Building ingredient filter...
[27Jan2025 22:28:13.255] [Render thread/INFO] [mezz.jei.gui.ingredients.IngredientFilter/]: Adding 1767 ingredients
[27Jan2025 22:28:13.324] [Render thread/INFO] [mezz.jei.gui.ingredients.IngredientFilter/]: Added 1767 ingredients
[27Jan2025 22:28:13.324] [Render thread/INFO] [mezz.jei.core.util.LoggedTimer/]: Building ingredient filter took 71.91 ms
[27Jan2025 22:28:13.333] [Render thread/INFO] [mezz.jei.library.load.PluginCallerTimerRunnable/]: Registering Runtime: jei:neoforge_gui took 90.86 milliseconds
[27Jan2025 22:28:13.333] [Render thread/INFO] [mezz.jei.library.load.PluginCaller/]: Registering Runtime took 91.35 ms
[27Jan2025 22:28:13.333] [Render thread/INFO] [mezz.jei.core.util.LoggedTimer/]: Building runtime took 92.04 ms
[27Jan2025 22:28:13.333] [Render thread/INFO] [mezz.jei.library.load.PluginCaller/]: Sending Runtime...
[27Jan2025 22:28:13.334] [Render thread/INFO] [mezz.jei.library.load.PluginCaller/]: Sending Runtime took 364.9 μs
[27Jan2025 22:28:13.334] [Render thread/INFO] [mezz.jei.core.util.LoggedTimer/]: Starting JEI took 221.1 ms
[27Jan2025 22:28:13.337] [Render thread/INFO] [snownee.jade.Jade/]: Received config from the server: 
[27Jan2025 22:28:13.337] [Render thread/INFO] [net.minecraft.advancements.AdvancementTree/]: Loaded 223 advancements
[27Jan2025 22:28:23.810] [Server thread/INFO] [net.minecraft.client.server.IntegratedServer/]: Saving and pausing game...
[27Jan2025 22:28:23.819] [Server thread/INFO] [net.minecraft.server.MinecraftServer/]: Saving chunks for level 'ServerLevel[New World]'/minecraft:overworld
[27Jan2025 22:28:23.826] [Server thread/INFO] [net.minecraft.server.MinecraftServer/]: Saving chunks for level 'ServerLevel[New World]'/minecraft:the_end
[27Jan2025 22:28:23.832] [Server thread/INFO] [net.minecraft.server.MinecraftServer/]: Saving chunks for level 'ServerLevel[New World]'/minecraft:the_nether
[27Jan2025 22:28:29.780] [Server thread/INFO] [net.minecraft.server.MinecraftServer/]: [Dev: Gave 1 [Iron Farm Block] to Dev]
[27Jan2025 22:28:29.782] [Render thread/INFO] [net.minecraft.client.gui.components.ChatComponent/]: [System] [CHAT] Gave 1 [Iron Farm Block] to Dev
[27Jan2025 22:28:30.619] [Render thread/INFO] [net.minecraft.advancements.AdvancementTree/]: Loaded 225 advancements
[27Jan2025 22:28:59.407] [Server thread/INFO] [net.minecraft.server.MinecraftServer/]: [Dev: Gave 1 [Enchanted Book] to Dev]
[27Jan2025 22:28:59.412] [Render thread/INFO] [net.minecraft.client.gui.components.ChatComponent/]: [System] [CHAT] Gave 1 [Enchanted Book] to Dev
[27Jan2025 22:29:26.860] [Server thread/INFO] [net.minecraft.client.server.IntegratedServer/]: Saving and pausing game...
[27Jan2025 22:29:26.886] [Server thread/INFO] [net.minecraft.server.MinecraftServer/]: Saving chunks for level 'ServerLevel[New World]'/minecraft:overworld
[27Jan2025 22:29:26.893] [Server thread/INFO] [net.minecraft.server.MinecraftServer/]: Saving chunks for level 'ServerLevel[New World]'/minecraft:the_end
[27Jan2025 22:29:26.898] [Server thread/INFO] [net.minecraft.server.MinecraftServer/]: Saving chunks for level 'ServerLevel[New World]'/minecraft:the_nether
[27Jan2025 22:29:27.751] [Render thread/INFO] [mezz.jei.neoforge.startup.StartEventObserver/]: JEI StartEventObserver received class net.neoforged.neoforge.client.event.ClientPlayerNetworkEvent$LoggingOut
[27Jan2025 22:29:27.751] [Render thread/INFO] [mezz.jei.neoforge.startup.StartEventObserver/]: JEI StartEventObserver transitioning state from JEI_STARTED to LISTENING
[27Jan2025 22:29:27.751] [Render thread/INFO] [mezz.jei.library.startup.JeiStarter/]: Stopping JEI
[27Jan2025 22:29:27.751] [Render thread/INFO] [mezz.jei.library.load.PluginCaller/]: Sending Runtime Unavailable...
[27Jan2025 22:29:27.751] [Render thread/INFO] [mezz.jei.neoforge.plugins.neoforge.NeoForgeGuiPlugin/]: Stopping JEI GUI
[27Jan2025 22:29:27.753] [Render thread/INFO] [mezz.jei.library.load.PluginCaller/]: Sending Runtime Unavailable took 1.714 ms
[27Jan2025 22:29:27.762] [Server thread/INFO] [net.minecraft.server.network.ServerGamePacketListenerImpl/]: Dev lost connection: Disconnected
[27Jan2025 22:29:27.762] [Server thread/INFO] [net.minecraft.server.MinecraftServer/]: Dev left the game
[27Jan2025 22:29:27.772] [Server thread/INFO] [net.minecraft.server.network.ServerCommonPacketListenerImpl/]: Stopping singleplayer server as player logged out
[27Jan2025 22:29:27.813] [Server thread/INFO] [net.minecraft.server.MinecraftServer/]: Stopping server
[27Jan2025 22:29:27.813] [Server thread/INFO] [net.minecraft.server.MinecraftServer/]: Saving players
[27Jan2025 22:29:27.813] [Server thread/INFO] [net.minecraft.server.MinecraftServer/]: Saving worlds
[27Jan2025 22:29:27.942] [Server thread/INFO] [net.minecraft.server.MinecraftServer/]: Saving chunks for level 'ServerLevel[New World]'/minecraft:overworld
[27Jan2025 22:29:27.957] [Server thread/INFO] [net.minecraft.server.MinecraftServer/]: Saving chunks for level 'ServerLevel[New World]'/minecraft:the_end
[27Jan2025 22:29:27.960] [Server thread/INFO] [net.minecraft.server.MinecraftServer/]: Saving chunks for level 'ServerLevel[New World]'/minecraft:the_nether
[27Jan2025 22:29:27.967] [Server thread/INFO] [net.minecraft.server.MinecraftServer/]: ThreadedAnvilChunkStorage (New World): All chunks are saved
[27Jan2025 22:29:27.967] [Server thread/INFO] [net.minecraft.server.MinecraftServer/]: ThreadedAnvilChunkStorage (DIM1): All chunks are saved
[27Jan2025 22:29:27.967] [Server thread/INFO] [net.minecraft.server.MinecraftServer/]: ThreadedAnvilChunkStorage (DIM-1): All chunks are saved
[27Jan2025 22:29:27.967] [Server thread/INFO] [net.minecraft.server.MinecraftServer/]: ThreadedAnvilChunkStorage: All dimensions are saved
